#
# A fatal error has been detected by the Java Runtime Environment:
#
#  EXCEPTION_ACCESS_VIOLATION (0xc0000005) at pc=0x00007ffee1bda9c9, pid=12892, tid=5480
#
# JRE version: OpenJDK Runtime Environment Temurin-17.0.9+9 (17.0.9+9) (build 17.0.9+9)
# Java VM: OpenJDK 64-Bit Server VM Temurin-17.0.9+9 (17.0.9+9, mixed mode, emulated-client, tiered, compressed oops, compressed class ptrs, g1 gc, windows-amd64)
# Problematic frame:
# V  [jvm.dll+0x30a9c9]
#
# No core dump will be written. Minidumps are not enabled by default on client versions of Windows
#
# If you would like to submit a bug report, please visit:
#   https://github.com/adoptium/adoptium-support/issues
#

---------------  S U M M A R Y ------------

Command Line: -XX:+HeapDumpOnOutOfMemoryError -Xmx1024m -Dsts.lsp.client=vscode -Dsts.log.file=/dev/null -XX:TieredStopAtLevel=1 -Xlog:jni+resolve=off -Dspring.config.location=file:c:\Users\ASS if\.vscode\extensions\vmware.vscode-spring-boot-1.51.0\language-server\BOOT-INF\classes\application.properties org.springframework.ide.vscode.boot.app.BootLanguageServerBootApp

Host: Intel(R) Core(TM)2 Duo CPU     T6600  @ 2.20GHz, 2 cores, 3G,  Windows 10 , 64 bit Build 17134 (10.0.17134.753)
Time: Sun Jan 28 16:19:24 2024 Sri Lanka Standard Time elapsed time: 10711.208083 seconds (0d 2h 58m 31s)

---------------  T H R E A D  ---------------

Current thread (0x0000029bbd6946c0):  GCTaskThread "GC Thread#1" [stack: 0x0000009f02500000,0x0000009f02600000] [id=5480]

Stack: [0x0000009f02500000,0x0000009f02600000],  sp=0x0000009f025ffb30,  free space=1022k
Native frames: (J=compiled Java code, j=interpreted, Vv=VM code, C=native code)
V  [jvm.dll+0x30a9c9]
V  [jvm.dll+0x30a5b8]
V  [jvm.dll+0x2ddc34]
V  [jvm.dll+0x2de3da]
V  [jvm.dll+0x2de4d7]
V  [jvm.dll+0x2e3acb]
V  [jvm.dll+0x861e7b]
V  [jvm.dll+0x861ec6]
V  [jvm.dll+0x7e3c3a]
V  [jvm.dll+0x67be35]
C  [ucrtbase.dll+0x1e3fe]
C  [KERNEL32.DLL+0x14034]
C  [ntdll.dll+0x73691]


siginfo: EXCEPTION_ACCESS_VIOLATION (0xc0000005), reading address 0x0000000020000000


Registers:
RAX=0x0000000000000000, RBX=0x00000000c56c81d5, RCX=0x0000000000000014, RDX=0x0000000000000000
RSP=0x0000009f025ffb30, RBP=0x00000000000011f1, RSI=0x00000000c56c81d4, RDI=0x0000029bc3b696e0
R8 =0x00000000c56c81a8, R9 =0x0000000000000010, R10=0x0000000020000000, R11=0x0000000000000001
R12=0x0000000000000003, R13=0x0000009f025ffc90, R14=0x0000000000000000, R15=0x0000000000000000
RIP=0x00007ffee1bda9c9, EFLAGS=0x0000000000010246


Register to memory mapping:

RIP=0x00007ffee1bda9c9 jvm.dll
RAX=0x0 is NULL
RBX=0x00000000c56c81d5 is pointing into object: [Lorg.eclipse.jdt.internal.compiler.lookup.TypeBinding; 
{0x00000000c56c81a8} - klass: 'org/eclipse/jdt/internal/compiler/lookup/TypeBinding'[]
 - length: 8
RCX=0x0000000000000014 is an unknown value
RDX=0x0 is NULL
RSP=0x0000009f025ffb30 points into unknown readable memory: 0x00000000c6b00000 | 00 00 b0 c6 00 00 00 00
RBP=0x00000000000011f1 is an unknown value
RSI=0x00000000c56c81d4 is pointing into object: [Lorg.eclipse.jdt.internal.compiler.lookup.TypeBinding; 
{0x00000000c56c81a8} - klass: 'org/eclipse/jdt/internal/compiler/lookup/TypeBinding'[]
 - length: 8
RDI=0x0000029bc3b696e0 points into unknown readable memory: 0x00007ffee22297e8 | e8 97 22 e2 fe 7f 00 00
R8 =0x00000000c56c81a8 is an oop: [Lorg.eclipse.jdt.internal.compiler.lookup.TypeBinding; 
{0x00000000c56c81a8} - klass: 'org/eclipse/jdt/internal/compiler/lookup/TypeBinding'[]
 - length: 8
R9 =0x0000000000000010 is an unknown value
R10=0x0000000020000000 is an unknown value
R11=0x0000000000000001 is an unknown value
R12=0x0000000000000003 is an unknown value
R13=0x0000009f025ffc90 points into unknown readable memory: 0x00007ffee2223018 | 18 30 22 e2 fe 7f 00 00
R14=0x0 is NULL
R15=0x0 is NULL


Top of Stack: (sp=0x0000009f025ffb30)
0x0000009f025ffb30:   00000000c6b00000 0000000000000001
0x0000009f025ffb40:   0000000000000008 0000000000000001
0x0000009f025ffb50:   0000000000000087 0000029bc3b696e0
0x0000009f025ffb60:   0000000000009b93 0000000000609b93
0x0000009f025ffb70:   0000029bb2f2d2a0 00007ffee1bda5b8
0x0000009f025ffb80:   00000e2a00000f46 0000029bc3b696e0
0x0000009f025ffb90:   0000000000000008 0000000000000001
0x0000009f025ffba0:   0000009f025ffc10 00007ffee1badc34
0x0000009f025ffbb0:   00000000c13727e1 00007ffee2227178
0x0000009f025ffbc0:   0000009f018fe700 0000000000000000
0x0000009f025ffbd0:   0000000000000002 00007ffee1bcf297
0x0000009f025ffbe0:   0000000000000000 0000000000000000
0x0000009f025ffbf0:   0000009f00000000 00007ffee20c24ee
0x0000009f025ffc00:   000000333dbe0535 0000000000000000
0x0000009f025ffc10:   0000029bbd1ea580 0000029bbd694310
0x0000009f025ffc20:   00000000000003d8 0000029bbd1ea968
0x0000009f025ffc30:   0000009f018fe7b0 0000000000000013
0x0000009f025ffc40:   0000000000000000 00007ffee1bae3da
0x0000009f025ffc50:   0000000000000003 0000029bc3b696e0
0x0000009f025ffc60:   0000029bc3b696e0 0000000000000000
0x0000009f025ffc70:   00007ffee222a8b0 0000000000000001
0x0000009f025ffc80:   00000005582cfb32 0000000000000000
0x0000009f025ffc90:   00007ffee2223018 0000000000000000
0x0000009f025ffca0:   0000000000000000 0000000000000000
0x0000009f025ffcb0:   0000029bb2f2fe40 0000029bc3b696e0
0x0000009f025ffcc0:   0000029bb2f2d2a0 0000009f018fe7e0
0x0000009f025ffcd0:   0000000000000013 0000000000000000
0x0000009f025ffce0:   0000000000000000 0000000000000000
0x0000009f025ffcf0:   0000029bbd1ea590 00007ffee1bae4d7
0x0000009f025ffd00:   0000029bc3b696e0 0000000000000000
0x0000009f025ffd10:   0000029bbd3c3fc0 0000009f018fe7b0
0x0000009f025ffd20:   0000000000000015 0000000000000013 

Instructions: (pc=0x00007ffee1bda9c9)
0x00007ffee1bda8c9:   ff 48 8d 53 fe 48 8b cf e8 6a f4 ff ff e9 35 fd
0x00007ffee1bda8d9:   ff ff 0f 1f 44 00 00 48 8b 77 10 8b ae 80 00 00
0x00007ffee1bda8e9:   00 8b cd 8b 86 00 01 00 00 2b c8 81 e1 ff ff 01
0x00007ffee1bda8f9:   00 41 3b ce 0f 86 e9 02 00 00 ff cd 81 e5 ff ff
0x00007ffee1bda909:   01 00 89 ae 80 00 00 00 e8 fa 37 36 00 90 8b d5
0x00007ffee1bda919:   8b 86 00 01 00 00 8b cd 48 8b 9e 80 01 00 00 2b
0x00007ffee1bda929:   c8 81 e1 ff ff 01 00 81 f9 ff ff 01 00 48 8b 1c
0x00007ffee1bda939:   eb 41 0f 44 cf 85 c9 75 3d 90 89 6c 24 50 48 8b
0x00007ffee1bda949:   86 00 01 00 00 48 8b c8 48 c1 e9 20 ff c1 89 4c
0x00007ffee1bda959:   24 54 3b e8 0f 85 77 02 00 00 48 c1 e1 20 48 0b
0x00007ffee1bda969:   ca f0 48 0f b1 8e 00 01 00 00 0f 85 61 02 00 00
0x00007ffee1bda979:   8b 86 00 01 00 00 f6 c3 01 0f 84 2f 01 00 00 8b
0x00007ffee1bda989:   0d 5a c9 80 00 48 8d 73 ff 48 8b 47 08 44 8b 16
0x00007ffee1bda999:   49 d3 e2 4c 03 15 3d c9 80 00 8b 88 90 05 00 00
0x00007ffee1bda9a9:   49 8b d2 48 8b 80 80 05 00 00 48 d3 ea 0f b7 14
0x00007ffee1bda9b9:   50 0f b7 c2 66 c1 e8 08 84 c0 0f 88 17 ff ff ff
0x00007ffee1bda9c9:   4d 8b 02 41 0f b6 c0 24 03 3c 03 75 1e 44 38 3d
0x00007ffee1bda9d9:   db 89 87 00 74 0f 41 0f b6 c0 24 07 3c 05 75 05
0x00007ffee1bda9e9:   4d 8b c7 eb 17 49 83 e0 fc eb 11 4d 8b c8 48 8b
0x00007ffee1bda9f9:   cf 4d 8b c2 e8 2e ef ff ff 4c 8b c0 8b 0d dd c8
0x00007ffee1bdaa09:   80 00 49 8b d0 48 2b 15 cb c8 80 00 48 d3 ea 89
0x00007ffee1bdaa19:   16 49 8b d0 8b 0d ad 92 87 00 48 33 d6 48 d3 ea
0x00007ffee1bdaa29:   48 85 d2 0f 84 ae fe ff ff 48 8b 47 08 48 8b d6
0x00007ffee1bdaa39:   8b 88 c0 01 00 00 48 8b 80 b0 01 00 00 48 d3 ea
0x00007ffee1bdaa49:   48 8b 0c d0 8b 81 94 00 00 00 d1 e8 a8 01 0f 85
0x00007ffee1bdaa59:   83 fe ff ff 48 8b 47 08 8b 88 90 05 00 00 48 8b
0x00007ffee1bdaa69:   80 80 05 00 00 49 d3 e8 46 38 3c 40 0f 84 65 fe
0x00007ffee1bdaa79:   ff ff 48 8b 47 60 48 c1 ee 09 48 8b 58 40 48 8b
0x00007ffee1bdaa89:   48 38 48 03 de 48 2b d9 48 39 9f b0 01 00 00 0f
0x00007ffee1bdaa99:   84 42 fe ff ff 48 8d 14 0b 48 8d 4f 18 e8 a5 40
0x00007ffee1bdaaa9:   00 00 48 89 9f b0 01 00 00 e9 29 fe ff ff f6 c3
0x00007ffee1bdaab9:   03 0f 85 09 01 00 00 48 8b 47 08 4c 8b 13 49 8b 


Stack slot to memory mapping:
stack at sp + 0 slots: 0x00000000c6b00000 is an oop: org.eclipse.jdt.internal.compiler.lookup.UnresolvedReferenceBinding 
{0x00000000c6b00000} - klass: 'org/eclipse/jdt/internal/compiler/lookup/UnresolvedReferenceBinding'
 - ---- fields (total size 11 words):
 - public 'id' 'I' @12  2147483647 (7fffffff)
 - public 'tagBits' 'J' @16  0 (0 0)
 - public 'extendedTagBits' 'I' @24  0
 - protected 'typeAnnotations' '[Lorg/eclipse/jdt/internal/compiler/lookup/AnnotationBinding;' @28  a 'org/eclipse/jdt/internal/compiler/lookup/AnnotationBinding'[0] {0x00000000c14cbf70} (c14cbf70)
 - public 'modifiers' 'I' @32  0
 - 'typeBits' 'I' @36  0
 - public 'compoundName' '[[C' @40  a {type array char}[3] {0x00000000c6cfff18} (c6cfff18)
 - public 'sourceName' '[C' @44  [C{0x00000000c6cfff68} (c6cfff68)
 - public 'fPackage' 'Lorg/eclipse/jdt/internal/compiler/lookup/PackageBinding;' @48  a 'org/eclipse/jdt/internal/compiler/lookup/PlainPackageBinding'{0x00000000c753cfc8} (c753cfc8)
 - 'fileName' '[C' @52  NULL (0)
 - 'constantPoolName' '[C' @56  NULL (0)
 - 'signature' '[C' @60  NULL (0)
 - private 'compatibleCache' 'Lorg/eclipse/jdt/internal/compiler/util/SimpleLookupTable;' @64  NULL (0)
 - protected 'singleAbstractMethod' '[Lorg/eclipse/jdt/internal/compiler/lookup/MethodBinding;' @68  NULL (0)
 - 'resolvedType' 'Lorg/eclipse/jdt/internal/compiler/lookup/ReferenceBinding;' @72  NULL (0)
 - 'wrappers' '[Lorg/eclipse/jdt/internal/compiler/lookup/TypeBinding;' @76  NULL (0)
 - 'prototype' 'Lorg/eclipse/jdt/internal/compiler/lookup/UnresolvedReferenceBinding;' @80  a 'org/eclipse/jdt/internal/compiler/lookup/UnresolvedReferenceBinding'{0x00000000c6b00000} (c6b00000)
 - 'requestingType' 'Lorg/eclipse/jdt/internal/compiler/lookup/ReferenceBinding;' @84  a 'org/eclipse/jdt/internal/compiler/lookup/BinaryTypeBinding'{0x00000000c6cf3728} (c6cf3728)
stack at sp + 1 slots: 0x0000000000000001 is an unknown value
stack at sp + 2 slots: 0x0000000000000008 is an unknown value
stack at sp + 3 slots: 0x0000000000000001 is an unknown value
stack at sp + 4 slots: 0x0000000000000087 is an unknown value
stack at sp + 5 slots: 0x0000029bc3b696e0 points into unknown readable memory: 0x00007ffee22297e8 | e8 97 22 e2 fe 7f 00 00
stack at sp + 6 slots: 0x0000000000009b93 is an unknown value
stack at sp + 7 slots: 0x0000000000609b93 is an unknown value


---------------  P R O C E S S  ---------------

Threads class SMR info:
_java_thread_list=0x0000029bc3937ac0, length=24, elements={
0x0000029bb2fcc6d0, 0x0000029bb2fcd460, 0x0000029bbd075e30, 0x0000029bbd076bc0,
0x0000029bbd07c4c0, 0x0000029bbd07cd90, 0x0000029bbd07d710, 0x0000029bbd0a5850,
0x0000029bbd380e90, 0x0000029bbd3837d0, 0x0000029bc279aa10, 0x0000029bbdd0c040,
0x0000029bbdd0c520, 0x0000029bb2f1c680, 0x0000029bc2696230, 0x0000029bc276f890,
0x0000029bc2a389c0, 0x0000029bc2a393e0, 0x0000029bc2a37580, 0x0000029bc2a398f0,
0x0000029bc2a39e00, 0x0000029bc2c3bd20, 0x0000029bc2c3adf0, 0x0000029bc2c3a3d0
}

Java Threads: ( => current thread )
  0x0000029bb2fcc6d0 JavaThread "Reference Handler" daemon [_thread_blocked, id=3756, stack(0x0000009f01900000,0x0000009f01a00000)]
  0x0000029bb2fcd460 JavaThread "Finalizer" daemon [_thread_blocked, id=4288, stack(0x0000009f01a00000,0x0000009f01b00000)]
  0x0000029bbd075e30 JavaThread "Signal Dispatcher" daemon [_thread_blocked, id=4080, stack(0x0000009f01b00000,0x0000009f01c00000)]
  0x0000029bbd076bc0 JavaThread "Attach Listener" daemon [_thread_blocked, id=13676, stack(0x0000009f01c00000,0x0000009f01d00000)]
  0x0000029bbd07c4c0 JavaThread "Service Thread" daemon [_thread_blocked, id=14748, stack(0x0000009f01d00000,0x0000009f01e00000)]
  0x0000029bbd07cd90 JavaThread "Monitor Deflation Thread" daemon [_thread_blocked, id=11128, stack(0x0000009f01e00000,0x0000009f01f00000)]
  0x0000029bbd07d710 JavaThread "C1 CompilerThread0" daemon [_thread_blocked, id=612, stack(0x0000009f01f00000,0x0000009f02000000)]
  0x0000029bbd0a5850 JavaThread "Sweeper thread" daemon [_thread_blocked, id=4396, stack(0x0000009f02000000,0x0000009f02100000)]
  0x0000029bbd380e90 JavaThread "Notification Thread" daemon [_thread_blocked, id=11316, stack(0x0000009f02100000,0x0000009f02200000)]
  0x0000029bbd3837d0 JavaThread "Common-Cleaner" daemon [_thread_blocked, id=7012, stack(0x0000009f02300000,0x0000009f02400000)]
  0x0000029bc279aa10 JavaThread "boundedElastic-evictor-1" daemon [_thread_blocked, id=9480, stack(0x0000009f02400000,0x0000009f02500000)]
  0x0000029bbdd0c040 JavaThread "pool-12-thread-1" [_thread_blocked, id=6372, stack(0x0000009f02600000,0x0000009f02700000)]
  0x0000029bbdd0c520 JavaThread "LanguageServerApp-lifecycle" [_thread_blocked, id=4148, stack(0x0000009f02700000,0x0000009f02800000)]
  0x0000029bb2f1c680 JavaThread "DestroyJavaVM" [_thread_blocked, id=9092, stack(0x0000009f01200000,0x0000009f01300000)]
  0x0000029bc2696230 JavaThread "pool-13-thread-1" [_thread_in_native, id=13316, stack(0x0000009f02800000,0x0000009f02900000)]
  0x0000029bc276f890 JavaThread "Simple-Language-Server main thread" daemon [_thread_blocked, id=10404, stack(0x0000009f02900000,0x0000009f02a00000)]
  0x0000029bc2a389c0 JavaThread "pool-8-thread-1" [_thread_blocked, id=12836, stack(0x0000009f02d00000,0x0000009f02e00000)]
  0x0000029bc2a393e0 JavaThread "parallel-1" daemon [_thread_blocked, id=12832, stack(0x0000009f02e00000,0x0000009f02f00000)]
  0x0000029bc2a37580 JavaThread "parallel-2" daemon [_thread_blocked, id=14312, stack(0x0000009f02f00000,0x0000009f03000000)]
  0x0000029bc2a398f0 JavaThread "Reconciler-1" daemon [_thread_blocked, id=1756, stack(0x0000009f03000000,0x0000009f03100000)]
  0x0000029bc2a39e00 JavaThread "pool-6-thread-1" [_thread_blocked, id=9028, stack(0x0000009f03100000,0x0000009f03200000)]
  0x0000029bc2c3bd20 JavaThread "pool-4-thread-12" [_thread_blocked, id=5164, stack(0x0000009f01100000,0x0000009f01200000)]
  0x0000029bc2c3adf0 JavaThread "pool-5-thread-24" [_thread_blocked, id=6176, stack(0x0000009f02a00000,0x0000009f02b00000)]
  0x0000029bc2c3a3d0 JavaThread "Thread-649" [_thread_blocked, id=1288, stack(0x0000009f00f00000,0x0000009f01000000)]

Other Threads:
  0x0000029bbd03d0f0 VMThread "VM Thread" [stack: 0x0000009f01800000,0x0000009f01900000] [id=7604]
  0x0000029bbd383380 WatcherThread [stack: 0x0000009f02200000,0x0000009f02300000] [id=5800]
  0x0000029bb2f5a250 GCTaskThread "GC Thread#0" [stack: 0x0000009f01300000,0x0000009f01400000] [id=10800]
=>0x0000029bbd6946c0 GCTaskThread "GC Thread#1" [stack: 0x0000009f02500000,0x0000009f02600000] [id=5480]
  0x0000029bb2f630b0 ConcurrentGCThread "G1 Main Marker" [stack: 0x0000009f01400000,0x0000009f01500000] [id=1336]
  0x0000029bb2f639e0 ConcurrentGCThread "G1 Conc#0" [stack: 0x0000009f01500000,0x0000009f01600000] [id=12180]
  0x0000029bb2fa64c0 ConcurrentGCThread "G1 Refine#0" [stack: 0x0000009f01600000,0x0000009f01700000] [id=13256]
  0x0000029bb2fa6e00 ConcurrentGCThread "G1 Service" [stack: 0x0000009f01700000,0x0000009f01800000] [id=10000]

Threads with active compile tasks:
C1 CompilerThread0  10711389 11184       1       sun.nio.ch.IOStatus::normalize (12 bytes)

VM state: at safepoint (normal execution)

VM Mutex/Monitor currently owned by a thread:  ([mutex/lock_event])
[0x0000029bb0dbdae0] Threads_lock - owner thread: 0x0000029bbd03d0f0
[0x0000029bb0dbb770] Heap_lock - owner thread: 0x0000029bc2c3a3d0

Heap address: 0x00000000c0000000, size: 1024 MB, Compressed Oops mode: 32-bit

CDS archive(s) not mapped
Compressed class space mapped at: 0x0000000100000000-0x0000000140000000, reserved size: 1073741824
Narrow klass base: 0x0000000000000000, Narrow klass shift: 3, Narrow klass range: 0x140000000

GC Precious Log:
 CPUs: 2 total, 2 available
 Memory: 4062M
 Large Page Support: Disabled
 NUMA Support: Disabled
 Compressed Oops: Enabled (32-bit)
 Heap Region Size: 1M
 Heap Min Capacity: 8M
 Heap Initial Capacity: 64M
 Heap Max Capacity: 1G
 Pre-touch: Disabled
 Parallel Workers: 2
 Concurrent Workers: 1
 Concurrent Refinement Workers: 2
 Periodic GC: Disabled

Heap:
 garbage-first heap   total 137216K, used 83920K [0x00000000c0000000, 0x0000000100000000)
  region size 1024K, 48 young (49152K), 5 survivors (5120K)
 Metaspace       used 69989K, committed 70592K, reserved 1114112K
  class space    used 8857K, committed 9152K, reserved 1048576K

Heap Regions: E=young(eden), S=young(survivor), O=old, HS=humongous(starts), HC=humongous(continues), CS=collection set, F=free, OA=open archive, CA=closed archive, TAMS=top-at-mark-start (previous, next)
|   0|0x00000000c0000000, 0x00000000c0100000, 0x00000000c0100000|100%| O|  |TAMS 0x00000000c0100000, 0x00000000c0100000| Untracked 
|   1|0x00000000c0100000, 0x00000000c01ffff0, 0x00000000c0200000| 99%| O|  |TAMS 0x00000000c01ffff0, 0x00000000c01ffff0| Untracked 
|   2|0x00000000c0200000, 0x00000000c0300000, 0x00000000c0300000|100%| O|  |TAMS 0x00000000c0300000, 0x00000000c0300000| Untracked 
|   3|0x00000000c0300000, 0x00000000c0400000, 0x00000000c0400000|100%| O|  |TAMS 0x00000000c0400000, 0x00000000c0400000| Untracked 
|   4|0x00000000c0400000, 0x00000000c0500000, 0x00000000c0500000|100%|HS|  |TAMS 0x00000000c0500000, 0x00000000c0500000| Untracked 
|   5|0x00000000c0500000, 0x00000000c0600000, 0x00000000c0600000|100%|HC|  |TAMS 0x00000000c0600000, 0x00000000c0600000| Untracked 
|   6|0x00000000c0600000, 0x00000000c0700000, 0x00000000c0700000|100%|HC|  |TAMS 0x00000000c0700000, 0x00000000c0700000| Untracked 
|   7|0x00000000c0700000, 0x00000000c0800000, 0x00000000c0800000|100%|HC|  |TAMS 0x00000000c0800000, 0x00000000c0800000| Untracked 
|   8|0x00000000c0800000, 0x00000000c0900000, 0x00000000c0900000|100%| O|  |TAMS 0x00000000c0900000, 0x00000000c0900000| Untracked 
|   9|0x00000000c0900000, 0x00000000c09ffff8, 0x00000000c0a00000| 99%| O|  |TAMS 0x00000000c09ffff8, 0x00000000c09ffff8| Untracked 
|  10|0x00000000c0a00000, 0x00000000c0b00000, 0x00000000c0b00000|100%| O|  |TAMS 0x00000000c0b00000, 0x00000000c0b00000| Untracked 
|  11|0x00000000c0b00000, 0x00000000c0bfa5f8, 0x00000000c0c00000| 97%| O|  |TAMS 0x00000000c0bfa5f8, 0x00000000c0bfa5f8| Untracked 
|  12|0x00000000c0c00000, 0x00000000c0cffff8, 0x00000000c0d00000| 99%| O|  |TAMS 0x00000000c0cffff8, 0x00000000c0cffff8| Untracked 
|  13|0x00000000c0d00000, 0x00000000c0dfffe8, 0x00000000c0e00000| 99%| O|  |TAMS 0x00000000c0dfffe8, 0x00000000c0dfffe8| Untracked 
|  14|0x00000000c0e00000, 0x00000000c0efffe0, 0x00000000c0f00000| 99%| O|  |TAMS 0x00000000c0efffe0, 0x00000000c0efffe0| Untracked 
|  15|0x00000000c0f00000, 0x00000000c1000000, 0x00000000c1000000|100%| O|  |TAMS 0x00000000c1000000, 0x00000000c1000000| Untracked 
|  16|0x00000000c1000000, 0x00000000c10ffff8, 0x00000000c1100000| 99%| O|  |TAMS 0x00000000c10ffff8, 0x00000000c10ffff8| Untracked 
|  17|0x00000000c1100000, 0x00000000c11fffa8, 0x00000000c1200000| 99%| O|  |TAMS 0x00000000c11fffa8, 0x00000000c11fffa8| Untracked 
|  18|0x00000000c1200000, 0x00000000c12fffa0, 0x00000000c1300000| 99%| O|  |TAMS 0x00000000c12fffa0, 0x00000000c12fffa0| Untracked 
|  19|0x00000000c1300000, 0x00000000c13ffff8, 0x00000000c1400000| 99%| O|  |TAMS 0x00000000c13ffff8, 0x00000000c13ffff8| Untracked 
|  20|0x00000000c1400000, 0x00000000c14fd838, 0x00000000c1500000| 99%| O|  |TAMS 0x00000000c14fd838, 0x00000000c14fd838| Untracked 
|  21|0x00000000c1500000, 0x00000000c15ffff8, 0x00000000c1600000| 99%| O|  |TAMS 0x00000000c15ffff8, 0x00000000c15ffff8| Untracked 
|  22|0x00000000c1600000, 0x00000000c16ffff0, 0x00000000c1700000| 99%| O|  |TAMS 0x00000000c16ffff0, 0x00000000c16ffff0| Untracked 
|  23|0x00000000c1700000, 0x00000000c1800000, 0x00000000c1800000|100%| O|  |TAMS 0x00000000c1800000, 0x00000000c1800000| Untracked 
|  24|0x00000000c1800000, 0x00000000c1900000, 0x00000000c1900000|100%| O|  |TAMS 0x00000000c1900000, 0x00000000c1900000| Untracked 
|  25|0x00000000c1900000, 0x00000000c19ffff0, 0x00000000c1a00000| 99%| O|  |TAMS 0x00000000c19ffff0, 0x00000000c19ffff0| Untracked 
|  26|0x00000000c1a00000, 0x00000000c1afffd0, 0x00000000c1b00000| 99%| O|  |TAMS 0x00000000c1afffd0, 0x00000000c1afffd0| Untracked 
|  27|0x00000000c1b00000, 0x00000000c1bffff8, 0x00000000c1c00000| 99%| O|  |TAMS 0x00000000c1bffff8, 0x00000000c1bffff8| Untracked 
|  28|0x00000000c1c00000, 0x00000000c1d00000, 0x00000000c1d00000|100%| O|  |TAMS 0x00000000c1d00000, 0x00000000c1d00000| Untracked 
|  29|0x00000000c1d00000, 0x00000000c1dfffd8, 0x00000000c1e00000| 99%| O|  |TAMS 0x00000000c1dfffd8, 0x00000000c1dfffd8| Untracked 
|  30|0x00000000c1e00000, 0x00000000c1f00000, 0x00000000c1f00000|100%| O|  |TAMS 0x00000000c1f00000, 0x00000000c1f00000| Untracked 
|  31|0x00000000c1f00000, 0x00000000c1fffff8, 0x00000000c2000000| 99%| O|  |TAMS 0x00000000c1fffff8, 0x00000000c1fffff8| Untracked 
|  32|0x00000000c2000000, 0x00000000c20ffff0, 0x00000000c2100000| 99%| O|  |TAMS 0x00000000c20ffff0, 0x00000000c20ffff0| Untracked 
|  33|0x00000000c2100000, 0x00000000c21fffd8, 0x00000000c2200000| 99%| O|  |TAMS 0x00000000c2100000, 0x00000000c21fffd8| Untracked 
|  34|0x00000000c2200000, 0x00000000c22fffe8, 0x00000000c2300000| 99%| O|  |TAMS 0x00000000c2200000, 0x00000000c22fffe8| Untracked 
|  35|0x00000000c2300000, 0x00000000c23f13c0, 0x00000000c2400000| 94%| O|  |TAMS 0x00000000c2300000, 0x00000000c23f13c0| Untracked 
|  36|0x00000000c2400000, 0x00000000c2500000, 0x00000000c2500000|100%|HS|  |TAMS 0x00000000c2500000, 0x00000000c2500000| Untracked 
|  37|0x00000000c2500000, 0x00000000c2500000, 0x00000000c2600000|  0%| F|  |TAMS 0x00000000c2500000, 0x00000000c2500000| Untracked 
|  38|0x00000000c2600000, 0x00000000c2600000, 0x00000000c2700000|  0%| F|  |TAMS 0x00000000c2600000, 0x00000000c2600000| Untracked 
|  39|0x00000000c2700000, 0x00000000c2700000, 0x00000000c2800000|  0%| F|  |TAMS 0x00000000c2700000, 0x00000000c2700000| Untracked 
|  40|0x00000000c2800000, 0x00000000c2800000, 0x00000000c2900000|  0%| F|  |TAMS 0x00000000c2800000, 0x00000000c2800000| Untracked 
|  41|0x00000000c2900000, 0x00000000c2900000, 0x00000000c2a00000|  0%| F|  |TAMS 0x00000000c2900000, 0x00000000c2900000| Untracked 
|  42|0x00000000c2a00000, 0x00000000c2a00000, 0x00000000c2b00000|  0%| F|  |TAMS 0x00000000c2a00000, 0x00000000c2a00000| Untracked 
|  43|0x00000000c2b00000, 0x00000000c2b00000, 0x00000000c2c00000|  0%| F|  |TAMS 0x00000000c2b00000, 0x00000000c2b00000| Untracked 
|  44|0x00000000c2c00000, 0x00000000c2c00000, 0x00000000c2d00000|  0%| F|  |TAMS 0x00000000c2c00000, 0x00000000c2c00000| Untracked 
|  45|0x00000000c2d00000, 0x00000000c2d00000, 0x00000000c2e00000|  0%| F|  |TAMS 0x00000000c2d00000, 0x00000000c2d00000| Untracked 
|  46|0x00000000c2e00000, 0x00000000c2e00000, 0x00000000c2f00000|  0%| F|  |TAMS 0x00000000c2e00000, 0x00000000c2e00000| Untracked 
|  47|0x00000000c2f00000, 0x00000000c2f00000, 0x00000000c3000000|  0%| F|  |TAMS 0x00000000c2f00000, 0x00000000c2f00000| Untracked 
|  48|0x00000000c3000000, 0x00000000c3000000, 0x00000000c3100000|  0%| F|  |TAMS 0x00000000c3000000, 0x00000000c3000000| Untracked 
|  49|0x00000000c3100000, 0x00000000c31c8258, 0x00000000c3200000| 78%| O|  |TAMS 0x00000000c3100000, 0x00000000c31c8258| Untracked 
|  50|0x00000000c3200000, 0x00000000c3200000, 0x00000000c3300000|  0%| F|  |TAMS 0x00000000c3200000, 0x00000000c3200000| Untracked 
|  51|0x00000000c3300000, 0x00000000c3300000, 0x00000000c3400000|  0%| F|  |TAMS 0x00000000c3300000, 0x00000000c3300000| Untracked 
|  52|0x00000000c3400000, 0x00000000c3400000, 0x00000000c3500000|  0%| F|  |TAMS 0x00000000c3400000, 0x00000000c3400000| Untracked 
|  53|0x00000000c3500000, 0x00000000c35fee00, 0x00000000c3600000| 99%| O|  |TAMS 0x00000000c35fee00, 0x00000000c35fee00| Untracked 
|  54|0x00000000c3600000, 0x00000000c3600000, 0x00000000c3700000|  0%| F|  |TAMS 0x00000000c3600000, 0x00000000c3600000| Untracked 
|  55|0x00000000c3700000, 0x00000000c3700000, 0x00000000c3800000|  0%| F|  |TAMS 0x00000000c3700000, 0x00000000c3700000| Untracked 
|  56|0x00000000c3800000, 0x00000000c3800000, 0x00000000c3900000|  0%| F|  |TAMS 0x00000000c3800000, 0x00000000c3800000| Untracked 
|  57|0x00000000c3900000, 0x00000000c3900000, 0x00000000c3a00000|  0%| F|  |TAMS 0x00000000c3900000, 0x00000000c3900000| Untracked 
|  58|0x00000000c3a00000, 0x00000000c3a00000, 0x00000000c3b00000|  0%| F|  |TAMS 0x00000000c3a00000, 0x00000000c3a00000| Untracked 
|  59|0x00000000c3b00000, 0x00000000c3b00000, 0x00000000c3c00000|  0%| F|  |TAMS 0x00000000c3b00000, 0x00000000c3b00000| Untracked 
|  60|0x00000000c3c00000, 0x00000000c3c00000, 0x00000000c3d00000|  0%| F|  |TAMS 0x00000000c3c00000, 0x00000000c3c00000| Untracked 
|  61|0x00000000c3d00000, 0x00000000c3d00000, 0x00000000c3e00000|  0%| F|  |TAMS 0x00000000c3d00000, 0x00000000c3d00000| Untracked 
|  62|0x00000000c3e00000, 0x00000000c3e00000, 0x00000000c3f00000|  0%| F|  |TAMS 0x00000000c3e00000, 0x00000000c3e00000| Untracked 
|  63|0x00000000c3f00000, 0x00000000c3f00000, 0x00000000c4000000|  0%| F|  |TAMS 0x00000000c3f00000, 0x00000000c3f00000| Untracked 
|  64|0x00000000c4000000, 0x00000000c4000000, 0x00000000c4100000|  0%| F|  |TAMS 0x00000000c4000000, 0x00000000c4000000| Untracked 
|  65|0x00000000c4100000, 0x00000000c4100000, 0x00000000c4200000|  0%| F|  |TAMS 0x00000000c4100000, 0x00000000c4100000| Untracked 
|  66|0x00000000c4200000, 0x00000000c4200000, 0x00000000c4300000|  0%| F|  |TAMS 0x00000000c4200000, 0x00000000c4200000| Untracked 
|  67|0x00000000c4300000, 0x00000000c4300000, 0x00000000c4400000|  0%| F|  |TAMS 0x00000000c4300000, 0x00000000c4300000| Untracked 
|  68|0x00000000c4400000, 0x00000000c4400000, 0x00000000c4500000|  0%| F|  |TAMS 0x00000000c4400000, 0x00000000c4400000| Untracked 
|  69|0x00000000c4500000, 0x00000000c4500000, 0x00000000c4600000|  0%| F|  |TAMS 0x00000000c4500000, 0x00000000c4500000| Untracked 
|  70|0x00000000c4600000, 0x00000000c4600000, 0x00000000c4700000|  0%| F|  |TAMS 0x00000000c4600000, 0x00000000c4600000| Untracked 
|  71|0x00000000c4700000, 0x00000000c4700000, 0x00000000c4800000|  0%| F|  |TAMS 0x00000000c4700000, 0x00000000c4700000| Untracked 
|  72|0x00000000c4800000, 0x00000000c4800000, 0x00000000c4900000|  0%| F|  |TAMS 0x00000000c4800000, 0x00000000c4800000| Untracked 
|  73|0x00000000c4900000, 0x00000000c4900000, 0x00000000c4a00000|  0%| F|  |TAMS 0x00000000c4900000, 0x00000000c4900000| Untracked 
|  74|0x00000000c4a00000, 0x00000000c4a00000, 0x00000000c4b00000|  0%| F|  |TAMS 0x00000000c4a00000, 0x00000000c4a00000| Untracked 
|  75|0x00000000c4b00000, 0x00000000c4b00000, 0x00000000c4c00000|  0%| F|  |TAMS 0x00000000c4b00000, 0x00000000c4b00000| Untracked 
|  76|0x00000000c4c00000, 0x00000000c4c00000, 0x00000000c4d00000|  0%| F|  |TAMS 0x00000000c4c00000, 0x00000000c4c00000| Untracked 
|  77|0x00000000c4d00000, 0x00000000c4d00000, 0x00000000c4e00000|  0%| F|  |TAMS 0x00000000c4d00000, 0x00000000c4d00000| Untracked 
|  78|0x00000000c4e00000, 0x00000000c4e00000, 0x00000000c4f00000|  0%| F|  |TAMS 0x00000000c4e00000, 0x00000000c4e00000| Untracked 
|  79|0x00000000c4f00000, 0x00000000c4f00000, 0x00000000c5000000|  0%| F|  |TAMS 0x00000000c4f00000, 0x00000000c4f00000| Untracked 
|  80|0x00000000c5000000, 0x00000000c5000000, 0x00000000c5100000|  0%| F|  |TAMS 0x00000000c5000000, 0x00000000c5000000| Untracked 
|  81|0x00000000c5100000, 0x00000000c5100000, 0x00000000c5200000|  0%| F|  |TAMS 0x00000000c5100000, 0x00000000c5100000| Untracked 
|  82|0x00000000c5200000, 0x00000000c5200000, 0x00000000c5300000|  0%| F|  |TAMS 0x00000000c5200000, 0x00000000c5200000| Untracked 
|  83|0x00000000c5300000, 0x00000000c5300000, 0x00000000c5400000|  0%| F|  |TAMS 0x00000000c5300000, 0x00000000c5300000| Untracked 
|  84|0x00000000c5400000, 0x00000000c5400000, 0x00000000c5500000|  0%| F|  |TAMS 0x00000000c5400000, 0x00000000c5400000| Untracked 
|  85|0x00000000c5500000, 0x00000000c557b018, 0x00000000c5600000| 48%| S|  |TAMS 0x00000000c5500000, 0x00000000c5500000| Complete 
|  86|0x00000000c5600000, 0x00000000c5700000, 0x00000000c5700000|100%| S|  |TAMS 0x00000000c5600000, 0x00000000c5600000| Complete 
|  87|0x00000000c5700000, 0x00000000c5800000, 0x00000000c5800000|100%| S|  |TAMS 0x00000000c5700000, 0x00000000c5700000| Complete 
|  88|0x00000000c5800000, 0x00000000c5900000, 0x00000000c5900000|100%| S|  |TAMS 0x00000000c5800000, 0x00000000c5800000| Complete 
|  89|0x00000000c5900000, 0x00000000c5a00000, 0x00000000c5a00000|100%| S|  |TAMS 0x00000000c5900000, 0x00000000c5900000| Complete 
|  90|0x00000000c5a00000, 0x00000000c5a44180, 0x00000000c5b00000| 26%| E|CS|TAMS 0x00000000c5a00000, 0x00000000c5a44180| Complete 
|  91|0x00000000c5b00000, 0x00000000c5c00000, 0x00000000c5c00000|100%| E|CS|TAMS 0x00000000c5b00000, 0x00000000c5c00000| Complete 
|  92|0x00000000c5c00000, 0x00000000c5d00000, 0x00000000c5d00000|100%| E|CS|TAMS 0x00000000c5c00000, 0x00000000c5d00000| Complete 
|  93|0x00000000c5d00000, 0x00000000c5e00000, 0x00000000c5e00000|100%| E|CS|TAMS 0x00000000c5d00000, 0x00000000c5e00000| Complete 
|  94|0x00000000c5e00000, 0x00000000c5f00000, 0x00000000c5f00000|100%| E|CS|TAMS 0x00000000c5e00000, 0x00000000c5f00000| Complete 
|  95|0x00000000c5f00000, 0x00000000c6000000, 0x00000000c6000000|100%| E|CS|TAMS 0x00000000c5f00000, 0x00000000c6000000| Complete 
|  96|0x00000000c6000000, 0x00000000c6100000, 0x00000000c6100000|100%| E|CS|TAMS 0x00000000c6000000, 0x00000000c6100000| Complete 
|  97|0x00000000c6100000, 0x00000000c6200000, 0x00000000c6200000|100%| E|CS|TAMS 0x00000000c6100000, 0x00000000c6200000| Complete 
|  98|0x00000000c6200000, 0x00000000c6300000, 0x00000000c6300000|100%| E|CS|TAMS 0x00000000c6200000, 0x00000000c6300000| Complete 
|  99|0x00000000c6300000, 0x00000000c6400000, 0x00000000c6400000|100%| E|CS|TAMS 0x00000000c6300000, 0x00000000c6400000| Complete 
| 100|0x00000000c6400000, 0x00000000c6500000, 0x00000000c6500000|100%| E|CS|TAMS 0x00000000c6400000, 0x00000000c6500000| Complete 
| 101|0x00000000c6500000, 0x00000000c6600000, 0x00000000c6600000|100%| E|CS|TAMS 0x00000000c6500000, 0x00000000c6600000| Complete 
| 102|0x00000000c6600000, 0x00000000c6700000, 0x00000000c6700000|100%| E|CS|TAMS 0x00000000c6600000, 0x00000000c6700000| Complete 
| 103|0x00000000c6700000, 0x00000000c6800000, 0x00000000c6800000|100%| E|CS|TAMS 0x00000000c6700000, 0x00000000c6800000| Complete 
| 104|0x00000000c6800000, 0x00000000c6900000, 0x00000000c6900000|100%| E|CS|TAMS 0x00000000c6800000, 0x00000000c6900000| Complete 
| 105|0x00000000c6900000, 0x00000000c6a00000, 0x00000000c6a00000|100%| E|CS|TAMS 0x00000000c6900000, 0x00000000c6a00000| Complete 
| 106|0x00000000c6a00000, 0x00000000c6b00000, 0x00000000c6b00000|100%| E|CS|TAMS 0x00000000c6a00000, 0x00000000c6b00000| Complete 
| 107|0x00000000c6b00000, 0x00000000c6c00000, 0x00000000c6c00000|100%| E|CS|TAMS 0x00000000c6b00000, 0x00000000c6c00000| Complete 
| 108|0x00000000c6c00000, 0x00000000c6d00000, 0x00000000c6d00000|100%| E|CS|TAMS 0x00000000c6c00000, 0x00000000c6d00000| Complete 
| 109|0x00000000c6d00000, 0x00000000c6e00000, 0x00000000c6e00000|100%| E|CS|TAMS 0x00000000c6d00000, 0x00000000c6e00000| Complete 
| 110|0x00000000c6e00000, 0x00000000c6f00000, 0x00000000c6f00000|100%| E|CS|TAMS 0x00000000c6e00000, 0x00000000c6f00000| Complete 
| 111|0x00000000c6f00000, 0x00000000c7000000, 0x00000000c7000000|100%| E|CS|TAMS 0x00000000c6f00000, 0x00000000c7000000| Complete 
| 112|0x00000000c7000000, 0x00000000c7100000, 0x00000000c7100000|100%| E|CS|TAMS 0x00000000c7000000, 0x00000000c7100000| Complete 
| 113|0x00000000c7100000, 0x00000000c7200000, 0x00000000c7200000|100%| E|CS|TAMS 0x00000000c7100000, 0x00000000c7200000| Complete 
| 114|0x00000000c7200000, 0x00000000c7300000, 0x00000000c7300000|100%| O|  |TAMS 0x00000000c7300000, 0x00000000c7300000| Untracked 
| 115|0x00000000c7300000, 0x00000000c7400000, 0x00000000c7400000|100%| E|CS|TAMS 0x00000000c7300000, 0x00000000c7400000| Complete 
| 116|0x00000000c7400000, 0x00000000c7500000, 0x00000000c7500000|100%| E|CS|TAMS 0x00000000c7400000, 0x00000000c7500000| Complete 
| 117|0x00000000c7500000, 0x00000000c7600000, 0x00000000c7600000|100%| E|CS|TAMS 0x00000000c7500000, 0x00000000c7600000| Complete 
| 118|0x00000000c7600000, 0x00000000c7700000, 0x00000000c7700000|100%| E|CS|TAMS 0x00000000c7600000, 0x00000000c7700000| Complete 
| 119|0x00000000c7700000, 0x00000000c7800000, 0x00000000c7800000|100%| E|CS|TAMS 0x00000000c7700000, 0x00000000c7800000| Complete 
| 120|0x00000000c7800000, 0x00000000c7900000, 0x00000000c7900000|100%| E|CS|TAMS 0x00000000c7800000, 0x00000000c7900000| Complete 
| 121|0x00000000c7900000, 0x00000000c7a00000, 0x00000000c7a00000|100%| E|CS|TAMS 0x00000000c7900000, 0x00000000c7a00000| Complete 
| 122|0x00000000c7a00000, 0x00000000c7b00000, 0x00000000c7b00000|100%| E|CS|TAMS 0x00000000c7a00000, 0x00000000c7b00000| Complete 
| 123|0x00000000c7b00000, 0x00000000c7c00000, 0x00000000c7c00000|100%| E|CS|TAMS 0x00000000c7b00000, 0x00000000c7c00000| Complete 
| 124|0x00000000c7c00000, 0x00000000c7d00000, 0x00000000c7d00000|100%| E|CS|TAMS 0x00000000c7c00000, 0x00000000c7d00000| Complete 
| 125|0x00000000c7d00000, 0x00000000c7e00000, 0x00000000c7e00000|100%| E|CS|TAMS 0x00000000c7d00000, 0x00000000c7e00000| Complete 
| 126|0x00000000c7e00000, 0x00000000c7f00000, 0x00000000c7f00000|100%| E|CS|TAMS 0x00000000c7e00000, 0x00000000c7f00000| Complete 
| 127|0x00000000c7f00000, 0x00000000c8000000, 0x00000000c8000000|100%| E|CS|TAMS 0x00000000c7f00000, 0x00000000c8000000| Complete 
| 128|0x00000000c8000000, 0x00000000c8100000, 0x00000000c8100000|100%| E|CS|TAMS 0x00000000c8000000, 0x00000000c8100000| Complete 
| 129|0x00000000c8100000, 0x00000000c8200000, 0x00000000c8200000|100%| E|CS|TAMS 0x00000000c8100000, 0x00000000c8200000| Complete 
| 130|0x00000000c8200000, 0x00000000c8300000, 0x00000000c8300000|100%| E|CS|TAMS 0x00000000c8200000, 0x00000000c8300000| Complete 
| 131|0x00000000c8300000, 0x00000000c8400000, 0x00000000c8400000|100%| E|CS|TAMS 0x00000000c8300000, 0x00000000c8400000| Complete 
| 132|0x00000000c8400000, 0x00000000c8500000, 0x00000000c8500000|100%| E|CS|TAMS 0x00000000c8400000, 0x00000000c8500000| Complete 
| 133|0x00000000c8500000, 0x00000000c8600000, 0x00000000c8600000|100%| E|CS|TAMS 0x00000000c8500000, 0x00000000c8600000| Complete 

Card table byte_map: [0x0000029bb2af0000,0x0000029bb2cf0000] _byte_map_base: 0x0000029bb24f0000

Marking Bits (Prev, Next): (CMBitMap*) 0x0000029bb2f5a7c0, (CMBitMap*) 0x0000029bb2f5a780
 Prev Bits: [0x0000029bb9db0000, 0x0000029bbadb0000)
 Next Bits: [0x0000029bb8db0000, 0x0000029bb9db0000)

Polling page: 0x0000029bb0d30000

Metaspace:

Usage:
  Non-class:     59.70 MB used.
      Class:      8.65 MB used.
       Both:     68.35 MB used.

Virtual space:
  Non-class space:       64.00 MB reserved,      60.00 MB ( 94%) committed,  1 nodes.
      Class space:        1.00 GB reserved,       8.94 MB ( <1%) committed,  1 nodes.
             Both:        1.06 GB reserved,      68.94 MB (  6%) committed. 

Chunk freelists:
   Non-Class:  4.08 MB
       Class:  7.01 MB
        Both:  11.09 MB

MaxMetaspaceSize: unlimited
CompressedClassSpaceSize: 1.00 GB
Initial GC threshold: 21.00 MB
Current GC threshold: 114.94 MB
CDS: off
MetaspaceReclaimPolicy: balanced
 - commit_granule_bytes: 65536.
 - commit_granule_words: 8192.
 - virtual_space_node_default_size: 8388608.
 - enlarge_chunks_in_place: 1.
 - new_chunks_are_fully_committed: 0.
 - uncommit_free_chunks: 1.
 - use_allocation_guard: 0.
 - handle_deallocations: 1.


Internal statistics:

num_allocs_failed_limit: 6.
num_arena_births: 980.
num_arena_deaths: 384.
num_vsnodes_births: 2.
num_vsnodes_deaths: 0.
num_space_committed: 1103.
num_space_uncommitted: 0.
num_chunks_returned_to_freelist: 469.
num_chunks_taken_from_freelist: 3416.
num_chunk_merges: 166.
num_chunk_splits: 2290.
num_chunks_enlarged: 1694.
num_inconsistent_stats: 0.

CodeCache: size=49152Kb used=20429Kb max_used=20517Kb free=28722Kb
 bounds [0x0000029bb5bb0000, 0x0000029bb6ff0000, 0x0000029bb8bb0000]
 total_blobs=11718 nmethods=11000 adapters=644
 compilation: enabled
              stopped_count=0, restarted_count=0
 full_count=0

Compilation events (20 events):
Event: 10710.877 Thread 0x0000029bbd07d710 nmethod 11174 0x0000029bb6f9eb90 code [0x0000029bb6f9f6c0, 0x0000029bb6fa4bc8]
Event: 10710.877 Thread 0x0000029bbd07d710 11180       1       com.sun.tools.javac.parser.UnicodeReader::acceptOneOf (19 bytes)
Event: 10710.877 Thread 0x0000029bbd07d710 nmethod 11180 0x0000029bb6f9e790 code [0x0000029bb6f9e940, 0x0000029bb6f9eae8]
Event: 10710.878 Thread 0x0000029bbd07d710 11175       1       com.sun.tools.javac.parser.JavaTokenizer::scanIdent (639 bytes)
Event: 10710.880 Thread 0x0000029bbd07d710 nmethod 11175 0x0000029bb6f9d110 code [0x0000029bb6f9d420, 0x0000029bb6f9de68]
Event: 10710.880 Thread 0x0000029bbd07d710 11178       1       com.sun.tools.javac.tree.TreeMaker::at (7 bytes)
Event: 10710.880 Thread 0x0000029bbd07d710 nmethod 11178 0x0000029bb6f9ce10 code [0x0000029bb6f9cfa0, 0x0000029bb6f9d078]
Event: 10710.880 Thread 0x0000029bbd07d710 11179       1       com.sun.tools.javac.parser.Tokens$Token::checkKind (43 bytes)
Event: 10710.881 Thread 0x0000029bbd07d710 nmethod 11179 0x0000029bb6f9c690 code [0x0000029bb6f9c880, 0x0000029bb6f9cc38]
Event: 10710.881 Thread 0x0000029bbd07d710 11176       1       com.sun.tools.javac.parser.JavaTokenizer::checkIdent (34 bytes)
Event: 10710.882 Thread 0x0000029bbd07d710 nmethod 11176 0x0000029bb6f9b790 code [0x0000029bb6f9b9c0, 0x0000029bb6f9c1a8]
Event: 10710.882 Thread 0x0000029bbd07d710 11177       1       com.sun.tools.javac.parser.Tokens::lookupKind (29 bytes)
Event: 10710.883 Thread 0x0000029bbd07d710 nmethod 11177 0x0000029bb6f9b010 code [0x0000029bb6f9b1e0, 0x0000029bb6f9b518]
Event: 10710.883 Thread 0x0000029bbd07d710 11181       1       com.sun.tools.javac.parser.UnicodeReader::accept (17 bytes)
Event: 10710.883 Thread 0x0000029bbd07d710 nmethod 11181 0x0000029bb6f9ac90 code [0x0000029bb6f9ae40, 0x0000029bb6f9af88]
Event: 10710.886 Thread 0x0000029bbd07d710 11182       1       jdk.nio.zipfs.ZipFileSystem::initCEN (477 bytes)
Event: 10710.889 Thread 0x0000029bbd07d710 nmethod 11182 0x0000029bb6f98a10 code [0x0000029bb6f98dc0, 0x0000029bb6f9a0f8]
Event: 10710.889 Thread 0x0000029bbd07d710 11183   !   1       jdk.nio.zipfs.ZipFileSystem::buildNodeTree (123 bytes)
Event: 10710.890 Thread 0x0000029bbd07d710 nmethod 11183 0x0000029bb6f97910 code [0x0000029bb6f97b80, 0x0000029bb6f98388]
Event: 10710.914 Thread 0x0000029bbd07d710 11184       1       sun.nio.ch.IOStatus::normalize (12 bytes)

GC Heap History (20 events):
Event: 10324.942 GC heap after
{Heap after GC invocations=124 (full 68):
 garbage-first heap   total 311296K, used 96593K [0x00000000c0000000, 0x0000000100000000)
  region size 1024K, 12 young (12288K), 12 survivors (12288K)
 Metaspace       used 70010K, committed 70464K, reserved 1114112K
  class space    used 8858K, committed 9088K, reserved 1048576K
}
Event: 10443.157 GC heap before
{Heap before GC invocations=124 (full 68):
 garbage-first heap   total 311296K, used 205137K [0x00000000c0000000, 0x0000000100000000)
  region size 1024K, 112 young (114688K), 12 survivors (12288K)
 Metaspace       used 70018K, committed 70592K, reserved 1114112K
  class space    used 8860K, committed 9152K, reserved 1048576K
}
Event: 10443.324 GC heap after
{Heap after GC invocations=125 (full 69):
 garbage-first heap   total 178176K, used 52764K [0x00000000c0000000, 0x0000000100000000)
  region size 1024K, 0 young (0K), 0 survivors (0K)
 Metaspace       used 70018K, committed 70592K, reserved 1114112K
  class space    used 8860K, committed 9152K, reserved 1048576K
}
Event: 10453.523 GC heap before
{Heap before GC invocations=125 (full 69):
 garbage-first heap   total 178176K, used 53788K [0x00000000c0000000, 0x0000000100000000)
  region size 1024K, 2 young (2048K), 0 survivors (0K)
 Metaspace       used 70020K, committed 70592K, reserved 1114112K
  class space    used 8861K, committed 9152K, reserved 1048576K
}
Event: 10453.648 GC heap after
{Heap after GC invocations=126 (full 70):
 garbage-first heap   total 140288K, used 40597K [0x00000000c0000000, 0x0000000100000000)
  region size 1024K, 0 young (0K), 0 survivors (0K)
 Metaspace       used 69984K, committed 70592K, reserved 1114112K
  class space    used 8852K, committed 9152K, reserved 1048576K
}
Event: 10463.960 GC heap before
{Heap before GC invocations=126 (full 70):
 garbage-first heap   total 140288K, used 40597K [0x00000000c0000000, 0x0000000100000000)
  region size 1024K, 1 young (1024K), 0 survivors (0K)
 Metaspace       used 69984K, committed 70592K, reserved 1114112K
  class space    used 8852K, committed 9152K, reserved 1048576K
}
Event: 10464.073 GC heap after
{Heap after GC invocations=127 (full 71):
 garbage-first heap   total 140288K, used 40570K [0x00000000c0000000, 0x0000000100000000)
  region size 1024K, 0 young (0K), 0 survivors (0K)
 Metaspace       used 69934K, committed 70592K, reserved 1114112K
  class space    used 8844K, committed 9152K, reserved 1048576K
}
Event: 10474.524 GC heap before
{Heap before GC invocations=127 (full 71):
 garbage-first heap   total 140288K, used 40570K [0x00000000c0000000, 0x0000000100000000)
  region size 1024K, 1 young (1024K), 0 survivors (0K)
 Metaspace       used 69934K, committed 70592K, reserved 1114112K
  class space    used 8844K, committed 9152K, reserved 1048576K
}
Event: 10474.623 GC heap after
{Heap after GC invocations=128 (full 72):
 garbage-first heap   total 140288K, used 40570K [0x00000000c0000000, 0x0000000100000000)
  region size 1024K, 0 young (0K), 0 survivors (0K)
 Metaspace       used 69934K, committed 70592K, reserved 1114112K
  class space    used 8844K, committed 9152K, reserved 1048576K
}
Event: 10485.456 GC heap before
{Heap before GC invocations=128 (full 72):
 garbage-first heap   total 140288K, used 40570K [0x00000000c0000000, 0x0000000100000000)
  region size 1024K, 1 young (1024K), 0 survivors (0K)
 Metaspace       used 69934K, committed 70592K, reserved 1114112K
  class space    used 8844K, committed 9152K, reserved 1048576K
}
Event: 10485.559 GC heap after
{Heap after GC invocations=129 (full 73):
 garbage-first heap   total 140288K, used 40570K [0x00000000c0000000, 0x0000000100000000)
  region size 1024K, 0 young (0K), 0 survivors (0K)
 Metaspace       used 69934K, committed 70592K, reserved 1114112K
  class space    used 8844K, committed 9152K, reserved 1048576K
}
Event: 10495.760 GC heap before
{Heap before GC invocations=129 (full 73):
 garbage-first heap   total 140288K, used 40570K [0x00000000c0000000, 0x0000000100000000)
  region size 1024K, 1 young (1024K), 0 survivors (0K)
 Metaspace       used 69934K, committed 70592K, reserved 1114112K
  class space    used 8844K, committed 9152K, reserved 1048576K
}
Event: 10495.852 GC heap after
{Heap after GC invocations=130 (full 74):
 garbage-first heap   total 140288K, used 40570K [0x00000000c0000000, 0x0000000100000000)
  region size 1024K, 0 young (0K), 0 survivors (0K)
 Metaspace       used 69934K, committed 70592K, reserved 1114112K
  class space    used 8844K, committed 9152K, reserved 1048576K
}
Event: 10554.418 GC heap before
{Heap before GC invocations=130 (full 74):
 garbage-first heap   total 140288K, used 46714K [0x00000000c0000000, 0x0000000100000000)
  region size 1024K, 8 young (8192K), 0 survivors (0K)
 Metaspace       used 69969K, committed 70592K, reserved 1114112K
  class space    used 8853K, committed 9152K, reserved 1048576K
}
Event: 10554.423 GC heap after
{Heap after GC invocations=131 (full 74):
 garbage-first heap   total 140288K, used 42106K [0x00000000c0000000, 0x0000000100000000)
  region size 1024K, 2 young (2048K), 2 survivors (2048K)
 Metaspace       used 69969K, committed 70592K, reserved 1114112K
  class space    used 8853K, committed 9152K, reserved 1048576K
}
Event: 10555.390 GC heap before
{Heap before GC invocations=132 (full 74):
 garbage-first heap   total 140288K, used 58490K [0x00000000c0000000, 0x0000000100000000)
  region size 1024K, 15 young (15360K), 2 survivors (2048K)
 Metaspace       used 69969K, committed 70592K, reserved 1114112K
  class space    used 8853K, committed 9152K, reserved 1048576K
}
Event: 10555.394 GC heap after
{Heap after GC invocations=133 (full 74):
 garbage-first heap   total 140288K, used 42215K [0x00000000c0000000, 0x0000000100000000)
  region size 1024K, 2 young (2048K), 2 survivors (2048K)
 Metaspace       used 69969K, committed 70592K, reserved 1114112K
  class space    used 8853K, committed 9152K, reserved 1048576K
}
Event: 10601.216 GC heap before
{Heap before GC invocations=134 (full 74):
 garbage-first heap   total 140288K, used 57575K [0x00000000c0000000, 0x0000000100000000)
  region size 1024K, 14 young (14336K), 2 survivors (2048K)
 Metaspace       used 69969K, committed 70592K, reserved 1114112K
  class space    used 8853K, committed 9152K, reserved 1048576K
}
Event: 10601.384 GC heap after
{Heap after GC invocations=135 (full 75):
 garbage-first heap   total 137216K, used 40640K [0x00000000c0000000, 0x0000000100000000)
  region size 1024K, 0 young (0K), 0 survivors (0K)
 Metaspace       used 69969K, committed 70592K, reserved 1114112K
  class space    used 8853K, committed 9152K, reserved 1048576K
}
Event: 10710.914 GC heap before
{Heap before GC invocations=135 (full 75):
 garbage-first heap   total 137216K, used 83648K [0x00000000c0000000, 0x0000000100000000)
  region size 1024K, 43 young (44032K), 0 survivors (0K)
 Metaspace       used 69989K, committed 70592K, reserved 1114112K
  class space    used 8857K, committed 9152K, reserved 1048576K
}

Dll operation events (10 events):
Event: 0.017 Loaded shared library c:\Users\ASS if\.vscode\extensions\redhat.java-1.26.0-win32-x64\jre\17.0.9-win32-x86_64\bin\java.dll
Event: 3.858 Loaded shared library C:\Users\ASS if\.vscode\extensions\redhat.java-1.26.0-win32-x64\jre\17.0.9-win32-x86_64\bin\net.dll
Event: 3.939 Loaded shared library C:\Users\ASS if\.vscode\extensions\redhat.java-1.26.0-win32-x64\jre\17.0.9-win32-x86_64\bin\nio.dll
Event: 3.957 Loaded shared library C:\Users\ASS if\.vscode\extensions\redhat.java-1.26.0-win32-x64\jre\17.0.9-win32-x86_64\bin\zip.dll
Event: 9.633 Loaded shared library C:\Users\ASS if\.vscode\extensions\redhat.java-1.26.0-win32-x64\jre\17.0.9-win32-x86_64\bin\jimage.dll
Event: 52.603 Loaded shared library c:\Users\ASS if\.vscode\extensions\redhat.java-1.26.0-win32-x64\jre\17.0.9-win32-x86_64\bin\verify.dll
Event: 59.592 Loaded shared library C:\Users\ASS if\.vscode\extensions\redhat.java-1.26.0-win32-x64\jre\17.0.9-win32-x86_64\bin\management.dll
Event: 59.598 Loaded shared library C:\Users\ASS if\.vscode\extensions\redhat.java-1.26.0-win32-x64\jre\17.0.9-win32-x86_64\bin\management_ext.dll
Event: 283.529 Loaded shared library C:\Users\ASS if\.vscode\extensions\redhat.java-1.26.0-win32-x64\jre\17.0.9-win32-x86_64\bin\sunmscapi.dll
Event: 10287.191 Loaded shared library C:\Users\ASS if\AppData\Local\Temp\snappy-1.1.10-2a499741-4198-40fd-8ad5-7550a3e90a3f-snappyjava.dll

Deoptimization events (20 events):
Event: 10291.834 Thread 0x0000029bc2c3c230 DEOPT PACKING pc=0x0000029bb670271c sp=0x0000009f010faed0
Event: 10291.834 Thread 0x0000029bc2c3c230 DEOPT UNPACKING pc=0x0000029bb5c07124 sp=0x0000009f010fa448 mode 0
Event: 10291.834 Thread 0x0000029bc2c3c230 DEOPT PACKING pc=0x0000029bb670271c sp=0x0000009f010fb3f0
Event: 10291.834 Thread 0x0000029bc2c3c230 DEOPT UNPACKING pc=0x0000029bb5c07124 sp=0x0000009f010fa968 mode 0
Event: 10291.834 Thread 0x0000029bc2c3c230 DEOPT PACKING pc=0x0000029bb670271c sp=0x0000009f010fb910
Event: 10291.834 Thread 0x0000029bc2c3c230 DEOPT UNPACKING pc=0x0000029bb5c07124 sp=0x0000009f010fae88 mode 0
Event: 10291.834 Thread 0x0000029bc2c3c230 DEOPT PACKING pc=0x0000029bb670271c sp=0x0000009f010fbe30
Event: 10291.834 Thread 0x0000029bc2c3c230 DEOPT UNPACKING pc=0x0000029bb5c07124 sp=0x0000009f010fb3a8 mode 0
Event: 10292.070 Thread 0x0000029bc2c3c230 DEOPT PACKING pc=0x0000029bb670271c sp=0x0000009f010fc350
Event: 10292.070 Thread 0x0000029bc2c3c230 DEOPT UNPACKING pc=0x0000029bb5c07124 sp=0x0000009f010fb8e0 mode 0
Event: 10292.071 Thread 0x0000029bc2c3c230 DEOPT PACKING pc=0x0000029bb670271c sp=0x0000009f010fcb40
Event: 10292.071 Thread 0x0000029bc2c3c230 DEOPT UNPACKING pc=0x0000029bb5c07124 sp=0x0000009f010fc0b8 mode 0
Event: 10292.071 Thread 0x0000029bc2c3c230 DEOPT PACKING pc=0x0000029bb670271c sp=0x0000009f010fcfa0
Event: 10292.071 Thread 0x0000029bc2c3c230 DEOPT UNPACKING pc=0x0000029bb5c07124 sp=0x0000009f010fc518 mode 0
Event: 10292.071 Thread 0x0000029bc2c3c230 DEOPT PACKING pc=0x0000029bb670271c sp=0x0000009f010fd600
Event: 10292.071 Thread 0x0000029bc2c3c230 DEOPT UNPACKING pc=0x0000029bb5c07124 sp=0x0000009f010fcb90 mode 0
Event: 10292.071 Thread 0x0000029bc2c3c230 DEOPT PACKING pc=0x0000029bb670271c sp=0x0000009f010fda30
Event: 10292.071 Thread 0x0000029bc2c3c230 DEOPT UNPACKING pc=0x0000029bb5c07124 sp=0x0000009f010fcfc0 mode 0
Event: 10292.071 Thread 0x0000029bc2c3c230 DEOPT PACKING pc=0x0000029bb670271c sp=0x0000009f010fdfd0
Event: 10292.071 Thread 0x0000029bc2c3c230 DEOPT UNPACKING pc=0x0000029bb5c07124 sp=0x0000009f010fd560 mode 0

Classes unloaded (20 events):
Event: 10453.568 Thread 0x0000029bbd03d0f0 Unloading class 0x00000001008b0c00 'java/lang/invoke/LambdaForm$MH+0x00000001008b0c00'
Event: 10453.568 Thread 0x0000029bbd03d0f0 Unloading class 0x00000001008b0800 'java/lang/invoke/LambdaForm$MH+0x00000001008b0800'
Event: 10453.568 Thread 0x0000029bbd03d0f0 Unloading class 0x00000001008b0400 'java/lang/invoke/LambdaForm$MH+0x00000001008b0400'
Event: 10453.568 Thread 0x0000029bbd03d0f0 Unloading class 0x00000001008b0000 'java/lang/invoke/LambdaForm$MH+0x00000001008b0000'
Event: 10464.008 Thread 0x0000029bbd03d0f0 Unloading class 0x00000001007a8800 'jdk/internal/reflect/GeneratedMethodAccessor34'
Event: 10464.008 Thread 0x0000029bbd03d0f0 Unloading class 0x00000001007a8400 'jdk/internal/reflect/GeneratedConstructorAccessor74'
Event: 10464.008 Thread 0x0000029bbd03d0f0 Unloading class 0x00000001007a8000 'jdk/internal/reflect/GeneratedMethodAccessor33'
Event: 10464.008 Thread 0x0000029bbd03d0f0 Unloading class 0x0000000100770c00 'jdk/internal/reflect/GeneratedConstructorAccessor73'
Event: 10464.008 Thread 0x0000029bbd03d0f0 Unloading class 0x0000000100770800 'jdk/internal/reflect/GeneratedMethodAccessor32'
Event: 10464.008 Thread 0x0000029bbd03d0f0 Unloading class 0x0000000100770400 'jdk/internal/reflect/GeneratedMethodAccessor31'
Event: 10464.008 Thread 0x0000029bbd03d0f0 Unloading class 0x0000000100770000 'jdk/internal/reflect/GeneratedMethodAccessor30'
Event: 10464.008 Thread 0x0000029bbd03d0f0 Unloading class 0x0000000100792400 'jdk/internal/reflect/GeneratedConstructorAccessor71'
Event: 10464.008 Thread 0x0000029bbd03d0f0 Unloading class 0x0000000100792000 'jdk/internal/reflect/GeneratedConstructorAccessor70'
Event: 10464.008 Thread 0x0000029bbd03d0f0 Unloading class 0x0000000100771400 'jdk/internal/reflect/GeneratedConstructorAccessor69'
Event: 10464.008 Thread 0x0000029bbd03d0f0 Unloading class 0x0000000100771000 'jdk/internal/reflect/GeneratedConstructorAccessor68'
Event: 10464.008 Thread 0x0000029bbd03d0f0 Unloading class 0x0000000100791c00 'jdk/internal/reflect/GeneratedConstructorAccessor67'
Event: 10464.008 Thread 0x0000029bbd03d0f0 Unloading class 0x0000000100791800 'jdk/internal/reflect/GeneratedConstructorAccessor66'
Event: 10464.008 Thread 0x0000029bbd03d0f0 Unloading class 0x0000000100785400 'jdk/internal/reflect/GeneratedConstructorAccessor65'
Event: 10464.008 Thread 0x0000029bbd03d0f0 Unloading class 0x0000000100791400 'jdk/internal/reflect/GeneratedConstructorAccessor64'
Event: 10464.008 Thread 0x0000029bbd03d0f0 Unloading class 0x00000001003b1400 'jdk/internal/reflect/GeneratedConstructorAccessor63'

Classes redefined (0 events):
No events

Internal exceptions (20 events):
Event: 10555.340 Thread 0x0000029bc2a398f0 Exception <a 'sun/nio/fs/WindowsException'{0x00000000c7b0da90}> (0x00000000c7b0da90) 
thrown [s\src\hotspot\share\prims\jni.cpp, line 516]
Event: 10555.340 Thread 0x0000029bc2a398f0 Exception <a 'sun/nio/fs/WindowsException'{0x00000000c7b0de30}> (0x00000000c7b0de30) 
thrown [s\src\hotspot\share\prims\jni.cpp, line 516]
Event: 10555.341 Thread 0x0000029bc2a398f0 Exception <a 'sun/nio/fs/WindowsException'{0x00000000c7b0ed80}> (0x00000000c7b0ed80) 
thrown [s\src\hotspot\share\prims\jni.cpp, line 516]
Event: 10555.342 Thread 0x0000029bc2a398f0 Exception <a 'sun/nio/fs/WindowsException'{0x00000000c7b0f160}> (0x00000000c7b0f160) 
thrown [s\src\hotspot\share\prims\jni.cpp, line 516]
Event: 10555.601 Thread 0x0000029bc2a398f0 Exception <a 'sun/nio/fs/WindowsException'{0x00000000c7f234a0}> (0x00000000c7f234a0) 
thrown [s\src\hotspot\share\prims\jni.cpp, line 516]
Event: 10555.601 Thread 0x0000029bc2a398f0 Exception <a 'sun/nio/fs/WindowsException'{0x00000000c7f23b80}> (0x00000000c7f23b80) 
thrown [s\src\hotspot\share\prims\jni.cpp, line 516]
Event: 10555.601 Thread 0x0000029bc2a398f0 Exception <a 'sun/nio/fs/WindowsException'{0x00000000c7f23f00}> (0x00000000c7f23f00) 
thrown [s\src\hotspot\share\prims\jni.cpp, line 516]
Event: 10555.601 Thread 0x0000029bc2a398f0 Exception <a 'sun/nio/fs/WindowsException'{0x00000000c7f24e30}> (0x00000000c7f24e30) 
thrown [s\src\hotspot\share\prims\jni.cpp, line 516]
Event: 10555.601 Thread 0x0000029bc2a398f0 Exception <a 'sun/nio/fs/WindowsException'{0x00000000c7f251f0}> (0x00000000c7f251f0) 
thrown [s\src\hotspot\share\prims\jni.cpp, line 516]
Event: 10555.601 Thread 0x0000029bc2a398f0 Exception <a 'sun/nio/fs/WindowsException'{0x00000000c7f25f38}> (0x00000000c7f25f38) 
thrown [s\src\hotspot\share\prims\jni.cpp, line 516]
Event: 10555.601 Thread 0x0000029bc2a398f0 Exception <a 'sun/nio/fs/WindowsException'{0x00000000c7f26658}> (0x00000000c7f26658) 
thrown [s\src\hotspot\share\prims\jni.cpp, line 516]
Event: 10555.601 Thread 0x0000029bc2a398f0 Exception <a 'sun/nio/fs/WindowsException'{0x00000000c7f269f8}> (0x00000000c7f269f8) 
thrown [s\src\hotspot\share\prims\jni.cpp, line 516]
Event: 10555.602 Thread 0x0000029bc2a398f0 Exception <a 'sun/nio/fs/WindowsException'{0x00000000c7f27948}> (0x00000000c7f27948) 
thrown [s\src\hotspot\share\prims\jni.cpp, line 516]
Event: 10555.602 Thread 0x0000029bc2a398f0 Exception <a 'sun/nio/fs/WindowsException'{0x00000000c7f27d28}> (0x00000000c7f27d28) 
thrown [s\src\hotspot\share\prims\jni.cpp, line 516]
Event: 10710.499 Thread 0x0000029bc2c3a3d0 Exception <a 'sun/nio/fs/WindowsException'{0x00000000c65b16f8}> (0x00000000c65b16f8) 
thrown [s\src\hotspot\share\prims\jni.cpp, line 516]
Event: 10710.499 Thread 0x0000029bc2c3a3d0 Exception <a 'sun/nio/fs/WindowsException'{0x00000000c65b1a88}> (0x00000000c65b1a88) 
thrown [s\src\hotspot\share\prims\jni.cpp, line 516]
Event: 10710.500 Thread 0x0000029bc2c3a3d0 Exception <a 'sun/nio/fs/WindowsException'{0x00000000c65b5ef0}> (0x00000000c65b5ef0) 
thrown [s\src\hotspot\share\prims\jni.cpp, line 516]
Event: 10710.500 Thread 0x0000029bc2c3a3d0 Exception <a 'sun/nio/fs/WindowsException'{0x00000000c65b7228}> (0x00000000c65b7228) 
thrown [s\src\hotspot\share\prims\jni.cpp, line 516]
Event: 10710.696 Thread 0x0000029bc2c3a3d0 Exception <a 'sun/nio/fs/WindowsException'{0x00000000c5f063a8}> (0x00000000c5f063a8) 
thrown [s\src\hotspot\share\prims\jni.cpp, line 516]
Event: 10710.696 Thread 0x0000029bc2c3a3d0 Exception <a 'sun/nio/fs/WindowsException'{0x00000000c5f076e0}> (0x00000000c5f076e0) 
thrown [s\src\hotspot\share\prims\jni.cpp, line 516]

VM Operations (20 events):
Event: 10554.439 Executing VM operation: G1TryInitiateConcMark done
Event: 10554.546 Executing VM operation: G1PauseRemark
Event: 10554.588 Executing VM operation: G1PauseRemark done
Event: 10554.623 Executing VM operation: G1PauseCleanup
Event: 10554.624 Executing VM operation: G1PauseCleanup done
Event: 10555.372 Executing VM operation: G1TryInitiateConcMark
Event: 10555.397 Executing VM operation: G1TryInitiateConcMark done
Event: 10555.492 Executing VM operation: G1PauseRemark
Event: 10555.505 Executing VM operation: G1PauseRemark done
Event: 10555.539 Executing VM operation: G1PauseCleanup
Event: 10555.562 Executing VM operation: G1PauseCleanup done
Event: 10560.752 Executing VM operation: HandshakeAllThreads
Event: 10560.752 Executing VM operation: HandshakeAllThreads done
Event: 10601.215 Executing VM operation: G1CollectFull
Event: 10601.401 Executing VM operation: G1CollectFull done
Event: 10633.511 Executing VM operation: Cleanup
Event: 10633.512 Executing VM operation: Cleanup done
Event: 10647.549 Executing VM operation: Cleanup
Event: 10647.787 Executing VM operation: Cleanup done
Event: 10710.914 Executing VM operation: G1TryInitiateConcMark

Events (20 events):
Event: 10684.041 Thread 0x0000029bc2c3b810 Thread added: 0x0000029bc2c3b810
Event: 10684.235 Thread 0x0000029bc2c3b810 Thread exited: 0x0000029bc2c3b810
Event: 10684.832 Thread 0x0000029bc2c3c230 Thread added: 0x0000029bc2c3c230
Event: 10684.905 Thread 0x0000029bc2c3c230 Thread exited: 0x0000029bc2c3c230
Event: 10685.029 Thread 0x0000029bc2c3b300 Thread added: 0x0000029bc2c3b300
Event: 10685.073 Thread 0x0000029bc2c3b300 Thread exited: 0x0000029bc2c3b300
Event: 10685.758 Thread 0x0000029bc2c3cc50 Thread added: 0x0000029bc2c3cc50
Event: 10685.758 Thread 0x0000029bc2c3cc50 Thread exited: 0x0000029bc2c3cc50
Event: 10686.382 Thread 0x0000029bc2c3c740 Thread added: 0x0000029bc2c3c740
Event: 10686.433 Thread 0x0000029bc2c3c740 Thread exited: 0x0000029bc2c3c740
Event: 10687.018 Thread 0x0000029bc2c3c740 Thread added: 0x0000029bc2c3c740
Event: 10687.032 Thread 0x0000029bc2c3c740 Thread exited: 0x0000029bc2c3c740
Event: 10690.591 Thread 0x0000029bc2c3c740 Thread added: 0x0000029bc2c3c740
Event: 10690.591 Thread 0x0000029bc2c3c740 Thread exited: 0x0000029bc2c3c740
Event: 10692.835 Thread 0x0000029bc2c3a3d0 Thread exited: 0x0000029bc2c3a3d0
Event: 10700.467 Thread 0x0000029bc2c3a3d0 Thread added: 0x0000029bc2c3a3d0
Event: 10700.467 Thread 0x0000029bc2c3a3d0 Thread exited: 0x0000029bc2c3a3d0
Event: 10703.906 Thread 0x0000029bc2c3a3d0 Thread added: 0x0000029bc2c3a3d0
Event: 10703.906 Thread 0x0000029bc2c3a3d0 Thread exited: 0x0000029bc2c3a3d0
Event: 10710.478 Thread 0x0000029bc2c3a3d0 Thread added: 0x0000029bc2c3a3d0


Dynamic libraries:
0x00007ff63dea0000 - 0x00007ff63deae000 	c:\Users\ASS if\.vscode\extensions\redhat.java-1.26.0-win32-x64\jre\17.0.9-win32-x86_64\bin\java.exe
0x00007fff13620000 - 0x00007fff13801000 	C:\WINDOWS\SYSTEM32\ntdll.dll
0x00007fff131f0000 - 0x00007fff132a1000 	C:\WINDOWS\System32\KERNEL32.DLL
0x00007fff0fb80000 - 0x00007fff0fdf3000 	C:\WINDOWS\System32\KERNELBASE.dll
0x00007fff0fa60000 - 0x00007fff0fb58000 	C:\WINDOWS\System32\ucrtbase.dll
0x00007fff08a30000 - 0x00007fff08a47000 	c:\Users\ASS if\.vscode\extensions\redhat.java-1.26.0-win32-x64\jre\17.0.9-win32-x86_64\bin\jli.dll
0x00007fff11290000 - 0x00007fff11420000 	C:\WINDOWS\System32\USER32.dll
0x00007fff0fb60000 - 0x00007fff0fb80000 	C:\WINDOWS\System32\win32u.dll
0x00007fff13160000 - 0x00007fff13188000 	C:\WINDOWS\System32\GDI32.dll
0x00007fff105c0000 - 0x00007fff10751000 	C:\WINDOWS\System32\gdi32full.dll
0x00007fff10a00000 - 0x00007fff10a9f000 	C:\WINDOWS\System32\msvcp_win.dll
0x00007fff08540000 - 0x00007fff0855b000 	c:\Users\ASS if\.vscode\extensions\redhat.java-1.26.0-win32-x64\jre\17.0.9-win32-x86_64\bin\VCRUNTIME140.dll
0x00007fff09d80000 - 0x00007fff09fe9000 	C:\WINDOWS\WinSxS\amd64_microsoft.windows.common-controls_6595b64144ccf1df_6.0.17134.1304_none_d3fbe61b7c93d9f0\COMCTL32.dll
0x00007fff11420000 - 0x00007fff114be000 	C:\WINDOWS\System32\msvcrt.dll
0x00007fff12b80000 - 0x00007fff12ea1000 	C:\WINDOWS\System32\combase.dll
0x00007fff13030000 - 0x00007fff13154000 	C:\WINDOWS\System32\RPCRT4.dll
0x00007fff0f9e0000 - 0x00007fff0fa59000 	C:\WINDOWS\System32\bcryptPrimitives.dll
0x00007fff10ef0000 - 0x00007fff10f1d000 	C:\WINDOWS\System32\IMM32.DLL
0x00007fff0f3c0000 - 0x00007fff0f3cc000 	c:\Users\ASS if\.vscode\extensions\redhat.java-1.26.0-win32-x64\jre\17.0.9-win32-x86_64\bin\vcruntime140_1.dll
0x00007fff04e40000 - 0x00007fff04ecd000 	c:\Users\ASS if\.vscode\extensions\redhat.java-1.26.0-win32-x64\jre\17.0.9-win32-x86_64\bin\msvcp140.dll
0x00007ffee18d0000 - 0x00007ffee2531000 	c:\Users\ASS if\.vscode\extensions\redhat.java-1.26.0-win32-x64\jre\17.0.9-win32-x86_64\bin\server\jvm.dll
0x00007fff132c0000 - 0x00007fff13361000 	C:\WINDOWS\System32\ADVAPI32.dll
0x00007fff13390000 - 0x00007fff133eb000 	C:\WINDOWS\System32\sechost.dll
0x00007fff0f970000 - 0x00007fff0f9bc000 	C:\WINDOWS\System32\POWRPROF.dll
0x00007ffefbd50000 - 0x00007ffefbd59000 	C:\WINDOWS\SYSTEM32\WSOCK32.dll
0x00007fff12a60000 - 0x00007fff12acc000 	C:\WINDOWS\System32\WS2_32.dll
0x00007fff0d470000 - 0x00007fff0d493000 	C:\WINDOWS\SYSTEM32\WINMM.dll
0x00007fff09660000 - 0x00007fff0966a000 	C:\WINDOWS\SYSTEM32\VERSION.dll
0x00007fff0d440000 - 0x00007fff0d46a000 	C:\WINDOWS\SYSTEM32\WINMMBASE.dll
0x00007fff109b0000 - 0x00007fff109f9000 	C:\WINDOWS\System32\cfgmgr32.dll
0x00007fff0f930000 - 0x00007fff0f941000 	C:\WINDOWS\System32\kernel.appcore.dll
0x00007fff0bf70000 - 0x00007fff0bf7a000 	c:\Users\ASS if\.vscode\extensions\redhat.java-1.26.0-win32-x64\jre\17.0.9-win32-x86_64\bin\jimage.dll
0x00007fff0f430000 - 0x00007fff0f5f9000 	C:\WINDOWS\SYSTEM32\DBGHELP.DLL
0x00007fff0f340000 - 0x00007fff0f369000 	C:\WINDOWS\SYSTEM32\dbgcore.DLL
0x00007fff04cd0000 - 0x00007fff04cf5000 	c:\Users\ASS if\.vscode\extensions\redhat.java-1.26.0-win32-x64\jre\17.0.9-win32-x86_64\bin\java.dll
0x00007fff084a0000 - 0x00007fff084b8000 	c:\Users\ASS if\.vscode\extensions\redhat.java-1.26.0-win32-x64\jre\17.0.9-win32-x86_64\bin\zip.dll
0x00007fff11610000 - 0x00007fff12a55000 	C:\WINDOWS\System32\SHELL32.dll
0x00007fff12eb0000 - 0x00007fff12f59000 	C:\WINDOWS\System32\shcore.dll
0x00007fff0feb0000 - 0x00007fff105c0000 	C:\WINDOWS\System32\windows.storage.dll
0x00007fff115b0000 - 0x00007fff11601000 	C:\WINDOWS\System32\shlwapi.dll
0x00007fff0f9c0000 - 0x00007fff0f9df000 	C:\WINDOWS\System32\profapi.dll
0x00007fff0f920000 - 0x00007fff0f92a000 	C:\WINDOWS\System32\FLTLIB.DLL
0x00007fff04cb0000 - 0x00007fff04cc9000 	C:\Users\ASS if\.vscode\extensions\redhat.java-1.26.0-win32-x64\jre\17.0.9-win32-x86_64\bin\net.dll
0x00007fff05d30000 - 0x00007fff05e0d000 	C:\WINDOWS\SYSTEM32\WINHTTP.dll
0x00007fff0ede0000 - 0x00007fff0ee46000 	C:\WINDOWS\system32\mswsock.dll
0x00007fff04c90000 - 0x00007fff04ca6000 	C:\Users\ASS if\.vscode\extensions\redhat.java-1.26.0-win32-x64\jre\17.0.9-win32-x86_64\bin\nio.dll
0x00007fff0f410000 - 0x00007fff0f427000 	C:\WINDOWS\SYSTEM32\CRYPTSP.dll
0x00007fff0e990000 - 0x00007fff0e9c3000 	C:\WINDOWS\system32\rsaenh.dll
0x00007fff0f3e0000 - 0x00007fff0f405000 	C:\WINDOWS\SYSTEM32\bcrypt.dll
0x00007fff0f820000 - 0x00007fff0f848000 	C:\WINDOWS\SYSTEM32\USERENV.dll
0x00007fff0ef90000 - 0x00007fff0ef9b000 	C:\WINDOWS\SYSTEM32\CRYPTBASE.dll
0x00007fff0eb30000 - 0x00007fff0eb68000 	C:\WINDOWS\SYSTEM32\IPHLPAPI.DLL
0x00007fff12b70000 - 0x00007fff12b78000 	C:\WINDOWS\System32\NSI.dll
0x00007fff06fd0000 - 0x00007fff06fe6000 	C:\WINDOWS\SYSTEM32\dhcpcsvc6.DLL
0x00007fff06fb0000 - 0x00007fff06fca000 	C:\WINDOWS\SYSTEM32\dhcpcsvc.DLL
0x00007fff0a750000 - 0x00007fff0a760000 	c:\Users\ASS if\.vscode\extensions\redhat.java-1.26.0-win32-x64\jre\17.0.9-win32-x86_64\bin\verify.dll
0x00007fff02680000 - 0x00007fff02689000 	C:\Users\ASS if\.vscode\extensions\redhat.java-1.26.0-win32-x64\jre\17.0.9-win32-x86_64\bin\management.dll
0x00007fff00480000 - 0x00007fff0048b000 	C:\Users\ASS if\.vscode\extensions\redhat.java-1.26.0-win32-x64\jre\17.0.9-win32-x86_64\bin\management_ext.dll
0x00007fff132b0000 - 0x00007fff132b8000 	C:\WINDOWS\System32\PSAPI.DLL
0x00007ffefbdc0000 - 0x00007ffefbdce000 	C:\Users\ASS if\.vscode\extensions\redhat.java-1.26.0-win32-x64\jre\17.0.9-win32-x86_64\bin\sunmscapi.dll
0x00007fff107c0000 - 0x00007fff109a2000 	C:\WINDOWS\System32\CRYPT32.dll
0x00007fff0f950000 - 0x00007fff0f962000 	C:\WINDOWS\System32\MSASN1.dll
0x00007fff0f070000 - 0x00007fff0f096000 	C:\WINDOWS\SYSTEM32\ncrypt.dll
0x00007fff0f030000 - 0x00007fff0f066000 	C:\WINDOWS\SYSTEM32\NTASN1.dll
0x00007fff0ebc0000 - 0x00007fff0ec7e000 	C:\WINDOWS\SYSTEM32\DNSAPI.dll
0x00007fff03870000 - 0x00007fff0387a000 	C:\Windows\System32\rasadhlp.dll
0x00007fff038a0000 - 0x00007fff03912000 	C:\WINDOWS\System32\fwpuclnt.dll
0x0000000070fc0000 - 0x000000007108f000 	C:\Users\ASS if\AppData\Local\Temp\snappy-1.1.10-2a499741-4198-40fd-8ad5-7550a3e90a3f-snappyjava.dll

dbghelp: loaded successfully - version: 4.0.5 - missing functions: none
symbol engine: initialized successfully - sym options: 0x614 - pdb path: .;c:\Users\ASS if\.vscode\extensions\redhat.java-1.26.0-win32-x64\jre\17.0.9-win32-x86_64\bin;C:\WINDOWS\SYSTEM32;C:\WINDOWS\WinSxS\amd64_microsoft.windows.common-controls_6595b64144ccf1df_6.0.17134.1304_none_d3fbe61b7c93d9f0;c:\Users\ASS if\.vscode\extensions\redhat.java-1.26.0-win32-x64\jre\17.0.9-win32-x86_64\bin\server;C:\Users\ASS if\AppData\Local\Temp

VM Arguments:
jvm_args: -XX:+HeapDumpOnOutOfMemoryError -Xmx1024m -Dsts.lsp.client=vscode -Dsts.log.file=/dev/null -XX:TieredStopAtLevel=1 -Xlog:jni+resolve=off -Dspring.config.location=file:c:\Users\ASS if\.vscode\extensions\vmware.vscode-spring-boot-1.51.0\language-server\BOOT-INF\classes\application.properties 
java_command: org.springframework.ide.vscode.boot.app.BootLanguageServerBootApp
java_class_path (initial): c:\Users\ASS if\.vscode\extensions\vmware.vscode-spring-boot-1.51.0\language-server\BOOT-INF\classes;c:\Users\ASS if\.vscode\extensions\vmware.vscode-spring-boot-1.51.0\language-server\BOOT-INF\lib\annotations-24.1.0.jar;c:\Users\ASS if\.vscode\extensions\vmware.vscode-spring-boot-1.51.0\language-server\BOOT-INF\lib\antlr-runtime-3.5.3.jar;c:\Users\ASS if\.vscode\extensions\vmware.vscode-spring-boot-1.51.0\language-server\BOOT-INF\lib\antlr4-4.11.1.jar;c:\Users\ASS if\.vscode\extensions\vmware.vscode-spring-boot-1.51.0\language-server\BOOT-INF\lib\antlr4-runtime-4.11.1.jar;c:\Users\ASS if\.vscode\extensions\vmware.vscode-spring-boot-1.51.0\language-server\BOOT-INF\lib\asm-9.6.jar;c:\Users\ASS if\.vscode\extensions\vmware.vscode-spring-boot-1.51.0\language-server\BOOT-INF\lib\asm-analysis-9.6.jar;c:\Users\ASS if\.vscode\extensions\vmware.vscode-spring-boot-1.51.0\language-server\BOOT-INF\lib\asm-tree-9.6.jar;c:\Users\ASS if\.vscode\extensions\vmware.vscode-spring-boot-1.51.0\language-server\BOOT-INF\lib\asm-util-9.6.jar;c:\Users\ASS if\.vscode\extensions\vmware.vscode-spring-boot-1.51.0\language-server\BOOT-INF\lib\bosh-language-server-1.51.0-SNAPSHOT.jar;c:\Users\ASS if\.vscode\extensions\vmware.vscode-spring-boot-1.51.0\language-server\BOOT-INF\lib\caffeine-3.1.8.jar;c:\Users\ASS if\.vscode\extensions\vmware.vscode-spring-boot-1.51.0\language-server\BOOT-INF\lib\checker-qual-3.12.0.jar;c:\Users\ASS if\.vscode\extensions\vmware.vscode-spring-boot-1.51.0\language-server\BOOT-INF\lib\classgraph-4.8.149.jar;c:\Users\ASS if\.vscode\extensions\vmware.vscode-spring-boot-1.51.0\language-server\BOOT-INF\lib\commons-codec-1.15.jar;c:\Users\ASS if\.vscode\extensions\vmware.vscode-spring-boot-1.51.0\language-server\BOOT-INF\lib\commons-compress-1.25.0.jar;c:\Users\ASS if\.vscode\extensions\vmware.vscode-spring-boot-1.51.0\language-server\BOOT-INF\lib\commons-io-2.4.jar;c:\Users\ASS if\.vscode\extensions\vmware.vscode-spring-boot-1.51.0\language-ser
Launcher Type: SUN_STANDARD

[Global flags]
     intx CICompilerCount                          = 2                                         {product} {ergonomic}
     uint ConcGCThreads                            = 1                                         {product} {ergonomic}
     uint G1ConcRefinementThreads                  = 2                                         {product} {ergonomic}
   size_t G1HeapRegionSize                         = 1048576                                   {product} {ergonomic}
    uintx GCDrainStackTargetSize                   = 64                                        {product} {ergonomic}
     bool HeapDumpOnOutOfMemoryError               = true                                   {manageable} {command line}
   size_t InitialHeapSize                          = 67108864                                  {product} {ergonomic}
   size_t MarkStackSize                            = 4194304                                   {product} {ergonomic}
   size_t MaxHeapSize                              = 1073741824                                {product} {command line}
   size_t MaxNewSize                               = 643825664                                 {product} {ergonomic}
   size_t MinHeapDeltaBytes                        = 1048576                                   {product} {ergonomic}
   size_t MinHeapSize                              = 8388608                                   {product} {ergonomic}
    uintx NonProfiledCodeHeapSize                  = 0                                      {pd product} {ergonomic}
     bool ProfileInterpreter                       = false                                  {pd product} {command line}
    uintx ProfiledCodeHeapSize                     = 0                                      {pd product} {ergonomic}
   size_t SoftMaxHeapSize                          = 1073741824                             {manageable} {ergonomic}
     intx TieredStopAtLevel                        = 1                                         {product} {command line}
     bool UseCompressedClassPointers               = true                           {product lp64_product} {ergonomic}
     bool UseCompressedOops                        = true                           {product lp64_product} {ergonomic}
     bool UseG1GC                                  = true                                      {product} {ergonomic}
     bool UseLargePagesIndividualAllocation        = false                                  {pd product} {ergonomic}

Logging:
Log output configuration:
 #0: stdout all=warning,jni+resolve=off uptime,level,tags
 #1: stderr all=off uptime,level,tags

Environment Variables:
JAVA_HOME=C:\Program Files\Java\jdk-17
PATH=C:\Program Files\Python312\Scripts\;C:\Program Files\Python312\;C:\Program Files\Common Files\Oracle\Java\javapath;C:\WINDOWS\system32;C:\WINDOWS;C:\WINDOWS\System32\Wbem;C:\WINDOWS\System32\WindowsPowerShell\v1.0\;C:\WINDOWS\System32\OpenSSH\;C:\Program Files\Java\jdk-17\bin;C:\Program Files\Microsoft VS Code\bin;C:\Program Files\MySQL\MySQL Server 8.0\bin;C:\Program Files\Git\cmd;C:\maven\apache-maven-3.9.5\bin;C:\Program Files\nodejs;C:\Program Files\MySQL\MySQL Shell 8.0\bin\;C:\Users\ASS if\AppData\Local\Microsoft\WindowsApps;;C:\Program Files\JetBrains\IntelliJ IDEA Community Edition 2023.2.2\bin;;C:\Users\ASS if\AppData\Roaming\npm
USERNAME=ASS if
OS=Windows_NT
PROCESSOR_IDENTIFIER=Intel64 Family 6 Model 23 Stepping 10, GenuineIntel
TMP=C:\Users\ASSIF~1\AppData\Local\Temp
TEMP=C:\Users\ASSIF~1\AppData\Local\Temp



Periodic native trim disabled


---------------  S Y S T E M  ---------------

OS:
 Windows 10 , 64 bit Build 17134 (10.0.17134.753)
OS uptime: 1 days 4:28 hours

CPU: total 2 (initial active 2) (2 cores per cpu, 1 threads per core) family 6 model 23 stepping 10 microcode 0xa0c, cx8, cmov, fxsr, mmx, sse, sse2, sse3, ssse3, sse4.1, tsc, clflush
Processor Information for all 2 processors :
  Max Mhz: 2200, Current Mhz: 2200, Mhz Limit: 2200

Memory: 4k page, system-wide physical 4062M (698M free)
TotalPageFile size 7720M (AvailPageFile size 2885M)
current process WorkingSet (physical memory assigned to process): 277M, peak: 443M
current process commit charge ("private bytes"): 315M, peak: 497M

vm_info: OpenJDK 64-Bit Server VM (17.0.9+9) for windows-amd64 JRE (17.0.9+9), built on Oct 26 2023 14:01:42 by "admin" with MS VC++ 16.10 / 16.11 (VS2019)

END.
